
ALTER TABLE __root_facet_result DROP `int10`;
ALTER TABLE __root_facet_result DROP `int11`;
ALTER TABLE __root_facet_result DROP `int12`;
ALTER TABLE __root_facet_result DROP `int13`;
ALTER TABLE __root_facet_result DROP `int14`;
ALTER TABLE __root_facet_result DROP `int15`;
ALTER TABLE __root_facet_result DROP `int16`;
ALTER TABLE __root_facet_result DROP `int17`;
ALTER TABLE __root_facet_result DROP `int18`;
ALTER TABLE __root_facet_result DROP `int19`;
ALTER TABLE __root_facet_result DROP `int20`;
ALTER TABLE __root_facet_result DROP `int21`;
ALTER TABLE __root_facet_result DROP `int22`;
ALTER TABLE __root_facet_result DROP `int23`;
ALTER TABLE __root_facet_result DROP `int24`;
ALTER TABLE __root_facet_result DROP `int25`;
ALTER TABLE __root_facet_result DROP `int26`;
ALTER TABLE __root_facet_result DROP `int27`;
ALTER TABLE __root_facet_result DROP `int28`;
ALTER TABLE __root_facet_result DROP `int29`;
ALTER TABLE __root_facet_result DROP `int30`;
ALTER TABLE __root_facet_result DROP `int31`;
ALTER TABLE __root_facet_result DROP `int32`;
ALTER TABLE __root_facet_result DROP `int33`;
ALTER TABLE __root_facet_result DROP `int34`;
ALTER TABLE __root_facet_result DROP `int35`;
ALTER TABLE __root_facet_result DROP `int36`;
ALTER TABLE __root_facet_result DROP `int37`;
ALTER TABLE __root_facet_result DROP `int38`;
ALTER TABLE __root_facet_result DROP `int39`;
ALTER TABLE __root_facet_result DROP `int40`;
ALTER TABLE __root_facet_result DROP `int41`;
ALTER TABLE __root_facet_result DROP `int42`;
ALTER TABLE __root_facet_result DROP `int43`;
ALTER TABLE __root_facet_result DROP `int44`;
ALTER TABLE __root_facet_result DROP `int45`;
ALTER TABLE __root_facet_result DROP `int46`;
ALTER TABLE __root_facet_result DROP `int47`;
ALTER TABLE __root_facet_result DROP `int48`;
ALTER TABLE __root_facet_result DROP `int49`;
ALTER TABLE __root_facet_result DROP `bigint30`;
ALTER TABLE __root_facet_result DROP `bigint31`;
ALTER TABLE __root_facet_result DROP `bigint32`;
ALTER TABLE __root_facet_result DROP `bigint33`;
ALTER TABLE __root_facet_result DROP `bigint34`;
ALTER TABLE __root_facet_result DROP `bigint35`;
ALTER TABLE __root_facet_result DROP `bigint36`;
ALTER TABLE __root_facet_result DROP `bigint37`;
ALTER TABLE __root_facet_result DROP `bigint38`;
ALTER TABLE __root_facet_result DROP `bigint39`;
ALTER TABLE __root_facet_result DROP `bigint40`;
ALTER TABLE __root_facet_result DROP `bigint41`;
ALTER TABLE __root_facet_result DROP `bigint42`;
ALTER TABLE __root_facet_result DROP `bigint43`;
ALTER TABLE __root_facet_result DROP `bigint44`;
ALTER TABLE __root_facet_result DROP `bigint45`;
ALTER TABLE __root_facet_result DROP `bigint46`;
ALTER TABLE __root_facet_result DROP `bigint47`;
ALTER TABLE __root_facet_result DROP `bigint48`;
ALTER TABLE __root_facet_result DROP `bigint49`;
ALTER TABLE __root_facet_result DROP `float10`;
ALTER TABLE __root_facet_result DROP `float11`;
ALTER TABLE __root_facet_result DROP `float12`;
ALTER TABLE __root_facet_result DROP `float13`;
ALTER TABLE __root_facet_result DROP `float14`;
ALTER TABLE __root_facet_result DROP `float15`;
ALTER TABLE __root_facet_result DROP `float16`;
ALTER TABLE __root_facet_result DROP `float17`;
ALTER TABLE __root_facet_result DROP `float18`;
ALTER TABLE __root_facet_result DROP `float19`;
ALTER TABLE __root_facet_result DROP `float20`;
ALTER TABLE __root_facet_result DROP `float21`;
ALTER TABLE __root_facet_result DROP `float22`;
ALTER TABLE __root_facet_result DROP `float23`;
ALTER TABLE __root_facet_result DROP `float24`;
ALTER TABLE __root_facet_result DROP `float25`;
ALTER TABLE __root_facet_result DROP `float26`;
ALTER TABLE __root_facet_result DROP `float27`;
ALTER TABLE __root_facet_result DROP `float28`;
ALTER TABLE __root_facet_result DROP `float29`;
ALTER TABLE __root_facet_result DROP `float30`;
ALTER TABLE __root_facet_result DROP `float31`;
ALTER TABLE __root_facet_result DROP `float32`;
ALTER TABLE __root_facet_result DROP `float33`;
ALTER TABLE __root_facet_result DROP `float34`;
ALTER TABLE __root_facet_result DROP `float35`;
ALTER TABLE __root_facet_result DROP `float36`;
ALTER TABLE __root_facet_result DROP `float37`;
ALTER TABLE __root_facet_result DROP `float38`;
ALTER TABLE __root_facet_result DROP `float39`;
ALTER TABLE __root_facet_result DROP `float40`;
ALTER TABLE __root_facet_result DROP `float41`;
ALTER TABLE __root_facet_result DROP `float42`;
ALTER TABLE __root_facet_result DROP `float43`;
ALTER TABLE __root_facet_result DROP `float44`;
ALTER TABLE __root_facet_result DROP `float45`;
ALTER TABLE __root_facet_result DROP `float46`;
ALTER TABLE __root_facet_result DROP `float47`;
ALTER TABLE __root_facet_result DROP `float48`;
ALTER TABLE __root_facet_result DROP `float49`;
ALTER TABLE __root_facet_result DROP `string50`;
ALTER TABLE __root_facet_result DROP `string51`;
ALTER TABLE __root_facet_result DROP `string52`;
ALTER TABLE __root_facet_result DROP `string53`;
ALTER TABLE __root_facet_result DROP `string54`;
ALTER TABLE __root_facet_result DROP `string55`;
ALTER TABLE __root_facet_result DROP `string56`;
ALTER TABLE __root_facet_result DROP `string57`;
ALTER TABLE __root_facet_result DROP `string58`;
ALTER TABLE __root_facet_result DROP `string59`;
ALTER TABLE __root_facet_result DROP `string60`;
ALTER TABLE __root_facet_result DROP `string61`;
ALTER TABLE __root_facet_result DROP `string62`;
ALTER TABLE __root_facet_result DROP `string63`;
ALTER TABLE __root_facet_result DROP `string64`;
ALTER TABLE __root_facet_result DROP `string65`;
ALTER TABLE __root_facet_result DROP `string66`;
ALTER TABLE __root_facet_result DROP `string67`;
ALTER TABLE __root_facet_result DROP `string68`;
ALTER TABLE __root_facet_result DROP `string69`;
ALTER TABLE __root_facet_result DROP `string70`;
ALTER TABLE __root_facet_result DROP `string71`;
ALTER TABLE __root_facet_result DROP `string72`;
ALTER TABLE __root_facet_result DROP `string73`;
ALTER TABLE __root_facet_result DROP `string74`;
ALTER TABLE __root_facet_result DROP `string75`;
ALTER TABLE __root_facet_result DROP `string76`;
ALTER TABLE __root_facet_result DROP `string77`;
ALTER TABLE __root_facet_result DROP `string78`;
ALTER TABLE __root_facet_result DROP `string79`;
ALTER TABLE __root_facet_result DROP `string80`;
ALTER TABLE __root_facet_result DROP `string81`;
ALTER TABLE __root_facet_result DROP `string82`;
ALTER TABLE __root_facet_result DROP `string83`;
ALTER TABLE __root_facet_result DROP `string84`;
ALTER TABLE __root_facet_result DROP `string85`;
ALTER TABLE __root_facet_result DROP `string86`;
ALTER TABLE __root_facet_result DROP `string87`;
ALTER TABLE __root_facet_result DROP `string88`;
ALTER TABLE __root_facet_result DROP `string89`;
ALTER TABLE __root_facet_result DROP `string90`;
ALTER TABLE __root_facet_result DROP `string91`;
ALTER TABLE __root_facet_result DROP `string92`;
ALTER TABLE __root_facet_result DROP `string93`;
ALTER TABLE __root_facet_result DROP `string94`;
ALTER TABLE __root_facet_result DROP `string95`;
ALTER TABLE __root_facet_result DROP `string96`;
ALTER TABLE __root_facet_result DROP `string97`;
ALTER TABLE __root_facet_result DROP `string98`;
ALTER TABLE __root_facet_result DROP `string99`;
ALTER TABLE __root_facet_result DROP `timestamp5`;
ALTER TABLE __root_facet_result DROP `timestamp6`;
ALTER TABLE __root_facet_result DROP `timestamp7`;
ALTER TABLE __root_facet_result DROP `timestamp8`;
ALTER TABLE __root_facet_result DROP `timestamp9`;
ALTER TABLE __root_facet_result DROP `double10`;
ALTER TABLE __root_facet_result DROP `double11`;
ALTER TABLE __root_facet_result DROP `double12`;
ALTER TABLE __root_facet_result DROP `double13`;
ALTER TABLE __root_facet_result DROP `double14`;
ALTER TABLE __root_facet_result DROP `double15`;
ALTER TABLE __root_facet_result DROP `double16`;
ALTER TABLE __root_facet_result DROP `double17`;
ALTER TABLE __root_facet_result DROP `double18`;
ALTER TABLE __root_facet_result DROP `double19`;
ALTER TABLE __root_facet_result DROP `boolean0`;
ALTER TABLE __root_facet_result DROP `boolean1`;
ALTER TABLE __root_facet_result DROP `boolean2`;
ALTER TABLE __root_facet_result DROP `boolean3`;
ALTER TABLE __root_facet_result DROP `boolean4`;


